# JRE version: OpenJDK Runtime Environment (8.0_152-b01) (build 1.8.0_152-release-1024-b01)
# Java VM: OpenJDK 64-Bit Server VM (25.152-b01 mixed mode bsd-amd64 compressed oops)
Heap:
 PSYoungGen      total 355840K, used 167254K [0x00000007a0000000, 0x00000007bb580000, 0x00000007c0000000)
  eden space 315904K, 45% used [0x00000007a0000000,0x00000007a8d9fdf8,0x00000007b3480000)
  from space 39936K, 55% used [0x00000007b3480000,0x00000007b4a35b68,0x00000007b5b80000)
  to   space 40448K, 0% used [0x00000007b8e00000,0x00000007b8e00000,0x00000007bb580000)
 ParOldGen       total 93184K, used 72882K [0x0000000760000000, 0x0000000765b00000, 0x00000007a0000000)
  object space 93184K, 78% used [0x0000000760000000,0x000000076472ca78,0x0000000765b00000)
 Metaspace       used 76287K, capacity 78684K, committed 78936K, reserved 1118208K
  class space    used 9723K, capacity 10325K, committed 10368K, reserved 1048576K
GC Heap History (10 events):
Event: 54.706 GC heap before
{Heap before GC invocations=20 (full 3):
 PSYoungGen      total 260096K, used 12284K [0x00000007a0000000, 0x00000007b3e00000, 0x00000007c0000000)
  eden space 247808K, 0% used [0x00000007a0000000,0x00000007a0000000,0x00000007af200000)
  from space 12288K, 99% used [0x00000007af200000,0x00000007afdff348,0x00000007afe00000)
  to   space 17920K, 0% used [0x00000007b2c80000,0x00000007b2c80000,0x00000007b3e00000)
 ParOldGen       total 54784K, used 30409K [0x0000000760000000, 0x0000000763580000, 0x00000007a0000000)
  object space 54784K, 55% used [0x0000000760000000,0x0000000761db26e0,0x0000000763580000)
 Metaspace       used 57524K, capacity 58806K, committed 59028K, reserved 1099776K
  class space    used 7470K, capacity 7856K, committed 7936K, reserved 1048576K
Event: 55.195 GC heap after
Heap after GC invocations=20 (full 3):
 PSYoungGen      total 260096K, used 0K [0x00000007a0000000, 0x00000007b3e00000, 0x00000007c0000000)
  eden space 247808K, 0% used [0x00000007a0000000,0x00000007a0000000,0x00000007af200000)
  from space 12288K, 0% used [0x00000007af200000,0x00000007af200000,0x00000007afe00000)
  to   space 17920K, 0% used [0x00000007b2c80000,0x00000007b2c80000,0x00000007b3e00000)
 ParOldGen       total 93184K, used 39823K [0x0000000760000000, 0x0000000765b00000, 0x00000007a0000000)
  object space 93184K, 42% used [0x0000000760000000,0x00000007626e3e78,0x0000000765b00000)
 Metaspace       used 57485K, capacity 58700K, committed 59028K, reserved 1099776K
  class space    used 7458K, capacity 7842K, committed 7936K, reserved 1048576K
}
Event: 67.044 GC heap before
{Heap before GC invocations=21 (full 3):
 PSYoungGen      total 260096K, used 247808K [0x00000007a0000000, 0x00000007b3e00000, 0x00000007c0000000)
  eden space 247808K, 100% used [0x00000007a0000000,0x00000007af200000,0x00000007af200000)
  from space 12288K, 0% used [0x00000007af200000,0x00000007af200000,0x00000007afe00000)
  to   space 17920K, 0% used [0x00000007b2c80000,0x00000007b2c80000,0x00000007b3e00000)
 ParOldGen       total 93184K, used 39823K [0x0000000760000000, 0x0000000765b00000, 0x00000007a0000000)
  object space 93184K, 42% used [0x0000000760000000,0x00000007626e3e78,0x0000000765b00000)
 Metaspace       used 64371K, capacity 66168K, committed 66392K, reserved 1105920K
  class space    used 8570K, capacity 9025K, committed 9088K, reserved 1048576K
Event: 67.140 GC heap after
Heap after GC invocations=21 (full 3):
 PSYoungGen      total 303104K, used 17888K [0x00000007a0000000, 0x00000007b4780000, 0x00000007c0000000)
  eden space 285184K, 0% used [0x00000007a0000000,0x00000007a0000000,0x00000007b1680000)
  from space 17920K, 99% used [0x00000007b2c80000,0x00000007b3df8250,0x00000007b3e00000)
  to   space 22528K, 0% used [0x00000007b1680000,0x00000007b1680000,0x00000007b2c80000)
 ParOldGen       total 93184K, used 44382K [0x0000000760000000, 0x0000000765b00000, 0x00000007a0000000)
  object space 93184K, 47% used [0x0000000760000000,0x0000000762b57900,0x0000000765b00000)
 Metaspace       used 64371K, capacity 66168K, committed 66392K, reserved 1105920K
  class space    used 8570K, capacity 9025K, committed 9088K, reserved 1048576K
}
Event: 106.640 GC heap before
{Heap before GC invocations=22 (full 3):
 PSYoungGen      total 303104K, used 303072K [0x00000007a0000000, 0x00000007b4780000, 0x00000007c0000000)
  eden space 285184K, 100% used [0x00000007a0000000,0x00000007b1680000,0x00000007b1680000)
  from space 17920K, 99% used [0x00000007b2c80000,0x00000007b3df8250,0x00000007b3e00000)
  to   space 22528K, 0% used [0x00000007b1680000,0x00000007b1680000,0x00000007b2c80000)
 ParOldGen       total 93184K, used 44382K [0x0000000760000000, 0x0000000765b00000, 0x00000007a0000000)
  object space 93184K, 47% used [0x0000000760000000,0x0000000762b57aa0,0x0000000765b00000)
 Metaspace       used 66040K, capacity 67886K, committed 68056K, reserved 1107968K
  class space    used 8722K, capacity 9204K, committed 9216K, reserved 1048576K
Event: 106.786 GC heap after
Heap after GC invocations=22 (full 3):
 PSYoungGen      total 307712K, used 22513K [0x00000007a0000000, 0x00000007b7580000, 0x00000007c0000000)
  eden space 285184K, 0% used [0x00000007a0000000,0x00000007a0000000,0x00000007b1680000)
  from space 22528K, 99% used [0x00000007b1680000,0x00000007b2c7c4f8,0x00000007b2c80000)
  to   space 26624K, 0% used [0x00000007b5b80000,0x00000007b5b80000,0x00000007b7580000)
 ParOldGen       total 93184K, used 45310K [0x0000000760000000, 0x0000000765b00000, 0x00000007a0000000)
  object space 93184K, 48% used [0x0000000760000000,0x0000000762c3f870,0x0000000765b00000)
 Metaspace       used 66040K, capacity 67886K, committed 68056K, reserved 1107968K
  class space    used 8722K, capacity 9204K, committed 9216K, reserved 1048576K
}
Event: 113.380 GC heap before
{Heap before GC invocations=23 (full 3):
 PSYoungGen      total 307712K, used 307697K [0x00000007a0000000, 0x00000007b7580000, 0x00000007c0000000)
  eden space 285184K, 100% used [0x00000007a0000000,0x00000007b1680000,0x00000007b1680000)
  from space 22528K, 99% used [0x00000007b1680000,0x00000007b2c7c4f8,0x00000007b2c80000)
  to   space 26624K, 0% used [0x00000007b5b80000,0x00000007b5b80000,0x00000007b7580000)
 ParOldGen       total 93184K, used 45313K [0x0000000760000000, 0x0000000765b00000, 0x00000007a0000000)
  object space 93184K, 48% used [0x0000000760000000,0x0000000762c406f8,0x0000000765b00000)
 Metaspace       used 68385K, capacity 70480K, committed 70616K, reserved 1110016K
  class space    used 8922K, capacity 9467K, committed 9472K, reserved 1048576K
Event: 113.499 GC heap after
Heap after GC invocations=23 (full 3):
 PSYoungGen      total 342528K, used 26616K [0x00000007a0000000, 0x00000007b9480000, 0x00000007c0000000)
  eden space 315904K, 0% used [0x00000007a0000000,0x00000007a0000000,0x00000007b3480000)
  from space 26624K, 99% used [0x00000007b5b80000,0x00000007b757e2a0,0x00000007b7580000)
  to   space 39936K, 0% used [0x00000007b3480000,0x00000007b3480000,0x00000007b5b80000)
 ParOldGen       total 93184K, used 69282K [0x0000000760000000, 0x0000000765b00000, 0x00000007a0000000)
  object space 93184K, 74% used [0x0000000760000000,0x00000007643a8910,0x0000000765b00000)
 Metaspace       used 68385K, capacity 70480K, committed 70616K, reserved 1110016K
  class space    used 8922K, capacity 9467K, committed 9472K, reserved 1048576K
}
Event: 135.882 GC heap before
{Heap before GC invocations=24 (full 3):
 PSYoungGen      total 342528K, used 342520K [0x00000007a0000000, 0x00000007b9480000, 0x00000007c0000000)
  eden space 315904K, 100% used [0x00000007a0000000,0x00000007b3480000,0x00000007b3480000)
  from space 26624K, 99% used [0x00000007b5b80000,0x00000007b757e2a0,0x00000007b7580000)
  to   space 39936K, 0% used [0x00000007b3480000,0x00000007b3480000,0x00000007b5b80000)
 ParOldGen       total 93184K, used 69282K [0x0000000760000000, 0x0000000765b00000, 0x00000007a0000000)
  object space 93184K, 74% used [0x0000000760000000,0x00000007643a8910,0x0000000765b00000)
 Metaspace       used 72652K, capacity 74988K, committed 75224K, reserved 1114112K
  class space    used 9335K, capacity 9939K, committed 9984K, reserved 1048576K
Event: 136.026 GC heap after
Heap after GC invocations=24 (full 3):
 PSYoungGen      total 355840K, used 22230K [0x00000007a0000000, 0x00000007bb580000, 0x00000007c0000000)
  eden space 315904K, 0% used [0x00000007a0000000,0x00000007a0000000,0x00000007b3480000)
  from space 39936K, 55% used [0x00000007b3480000,0x00000007b4a35b68,0x00000007b5b80000)
  to   space 40448K, 0% used [0x00000007b8e00000,0x00000007b8e00000,0x00000007bb580000)
 ParOldGen       total 93184K, used 72882K [0x0000000760000000, 0x0000000765b00000, 0x00000007a0000000)
  object space 93184K, 78% used [0x0000000760000000,0x000000076472ca78,0x0000000765b00000)
 Metaspace       used 72652K, capacity 74988K, committed 75224K, reserved 1114112K
  class space    used 9335K, capacity 9939K, committed 9984K, reserved 1048576K
}

